<?xml version="1.0" encoding="UTF-8"?>
<!-- Generated by org.testng.reporters.JUnitReportReporter -->
<testsuite skipped="0" hostname="DESKTOP-E51VQQ0" name="runners.TestRunner" tests="12" failures="0" timestamp="2022-05-07T16:28:41 EET" time="410.478" errors="0">
  <testcase name="runScenario" time="35.459" classname="runners.TestRunner"/>
  <system-out/>
  <testcase name="runScenario" time="42.606" classname="runners.TestRunner"/>
  <system-out/>
  <testcase name="runScenario" time="33.139" classname="runners.TestRunner"/>
  <system-out/>
  <testcase name="runScenario" time="36.304" classname="runners.TestRunner"/>
  <system-out/>
  <testcase name="runScenario" time="26.490" classname="runners.TestRunner"/>
  <system-out/>
  <testcase name="runScenario" time="31.753" classname="runners.TestRunner"/>
  <system-out/>
  <testcase name="runScenario" time="20.822" classname="runners.TestRunner"/>
  <system-out/>
  <testcase name="runScenario" time="22.551" classname="runners.TestRunner"/>
  <system-out/>
  <testcase name="runScenario" time="47.244" classname="runners.TestRunner"/>
  <system-out/>
  <testcase name="runScenario" time="29.556" classname="runners.TestRunner"/>
  <system-out/>
  <testcase name="runScenario" time="57.575" classname="runners.TestRunner"/>
  <system-out/>
  <testcase name="runScenario" time="26.979" classname="runners.TestRunner"/>
  <system-out/>
</testsuite> <!-- runners.TestRunner -->
